0 verbose cli C:\Program Files\nodejs\node.exe C:\Program Files\nodejs\node_modules\npm\bin\npm-cli.js
1 info using npm@11.11.0
2 info using node@v25.8.1
3 silly config load:file:C:\Program Files\nodejs\node_modules\npm\npmrc
4 silly config load:file:C:\repos\Soterra-_Client\.npmrc
5 silly config load:file:C:\Users\felix\.npmrc
6 silly config load:file:C:\Users\felix\AppData\Roaming\npm\etc\npmrc
7 verbose title npm cache clean
8 verbose argv "cache" "clean" "--force"
9 verbose logfile logs-max:10 dir:C:\repos\Soterra-_Client\.npm-cache\_logs\2026-03-22T04_08_55_219Z-
10 verbose logfile C:\repos\Soterra-_Client\.npm-cache\_logs\2026-03-22T04_08_55_219Z-debug-0.log
11 warn using --force Recommended protections disabled.
12 silly logfile start cleaning logs, removing 1 files
13 silly logfile done cleaning log files
14 verbose cwd C:\repos\Soterra-_Client
15 verbose os Windows_NT 10.0.26200
16 verbose node v25.8.1
17 verbose npm  v11.11.0
18 verbose exit 0
19 info ok
